# JRE version: OpenJDK Runtime Environment (8.0_242-b01) (build 1.8.0_242-release-1644-b01)
# Java VM: OpenJDK 64-Bit Server VM (25.242-b01 mixed mode windows-amd64 compressed oops)
Heap:
 PSYoungGen      total 591872K, used 338632K [0x00000000d5580000, 0x00000000ff800000, 0x0000000100000000)
  eden space 505344K, 64% used [0x00000000d5580000,0x00000000e9268f30,0x00000000f4300000)
  from space 86528K, 16% used [0x00000000fa380000,0x00000000fb1492b0,0x00000000ff800000)
  to   space 92672K, 0% used [0x00000000f4300000,0x00000000f4300000,0x00000000f9d80000)
 ParOldGen       total 431616K, used 239497K [0x0000000080000000, 0x000000009a580000, 0x00000000d5580000)
  object space 431616K, 55% used [0x0000000080000000,0x000000008e9e27f8,0x000000009a580000)
 Metaspace       used 130266K, capacity 139856K, committed 139980K, reserved 1171456K
  class space    used 16664K, capacity 18361K, committed 18432K, reserved 1048576K
GC Heap History (10 events):
Event: 18386.496 GC heap before
{Heap before GC invocations=31 (full 7):
 PSYoungGen      total 555520K, used 76779K [0x00000000d5580000, 0x0000000100000000, 0x0000000100000000)
  eden space 478720K, 0% used [0x00000000d5580000,0x00000000d5580000,0x00000000f2900000)
  from space 76800K, 99% used [0x00000000fb500000,0x00000000ffffae38,0x0000000100000000)
  to   space 110080K, 0% used [0x00000000f2900000,0x00000000f2900000,0x00000000f9480000)
 ParOldGen       total 228864K, used 218439K [0x0000000080000000, 0x000000008df80000, 0x00000000d5580000)
  object space 228864K, 95% used [0x0000000080000000,0x000000008d551c08,0x000000008df80000)
 Metaspace       used 126830K, capacity 135454K, committed 135884K, reserved 1167360K
  class space    used 16390K, capacity 17996K, committed 18176K, reserved 1048576K
Event: 18387.073 GC heap after
Heap after GC invocations=31 (full 7):
 PSYoungGen      total 555520K, used 0K [0x00000000d5580000, 0x0000000100000000, 0x0000000100000000)
  eden space 478720K, 0% used [0x00000000d5580000,0x00000000d5580000,0x00000000f2900000)
  from space 76800K, 0% used [0x00000000fb500000,0x00000000fb500000,0x0000000100000000)
  to   space 110080K, 0% used [0x00000000f2900000,0x00000000f2900000,0x00000000f9480000)
 ParOldGen       total 431616K, used 193165K [0x0000000080000000, 0x000000009a580000, 0x00000000d5580000)
  object space 431616K, 44% used [0x0000000080000000,0x000000008bca35d0,0x000000009a580000)
 Metaspace       used 124272K, capacity 132274K, committed 135884K, reserved 1167360K
  class space    used 16015K, capacity 17495K, committed 18176K, reserved 1048576K
}
Event: 18398.850 GC heap before
{Heap before GC invocations=32 (full 7):
 PSYoungGen      total 555520K, used 478720K [0x00000000d5580000, 0x0000000100000000, 0x0000000100000000)
  eden space 478720K, 100% used [0x00000000d5580000,0x00000000f2900000,0x00000000f2900000)
  from space 76800K, 0% used [0x00000000fb500000,0x00000000fb500000,0x0000000100000000)
  to   space 110080K, 0% used [0x00000000f2900000,0x00000000f2900000,0x00000000f9480000)
 ParOldGen       total 431616K, used 193165K [0x0000000080000000, 0x000000009a580000, 0x00000000d5580000)
  object space 431616K, 44% used [0x0000000080000000,0x000000008bca35d0,0x000000009a580000)
 Metaspace       used 125304K, capacity 133522K, committed 135884K, reserved 1167360K
  class space    used 16096K, capacity 17599K, committed 18176K, reserved 1048576K
Event: 18398.869 GC heap after
Heap after GC invocations=32 (full 7):
 PSYoungGen      total 588800K, used 24915K [0x00000000d5580000, 0x0000000100000000, 0x0000000100000000)
  eden space 478720K, 0% used [0x00000000d5580000,0x00000000d5580000,0x00000000f2900000)
  from space 110080K, 22% used [0x00000000f2900000,0x00000000f4154ea0,0x00000000f9480000)
  to   space 105472K, 0% used [0x00000000f9900000,0x00000000f9900000,0x0000000100000000)
 ParOldGen       total 431616K, used 193173K [0x0000000080000000, 0x000000009a580000, 0x00000000d5580000)
  object space 431616K, 44% used [0x0000000080000000,0x000000008bca55d0,0x000000009a580000)
 Metaspace       used 125304K, capacity 133522K, committed 135884K, reserved 1167360K
  class space    used 16096K, capacity 17599K, committed 18176K, reserved 1048576K
}
Event: 18562.715 GC heap before
{Heap before GC invocations=33 (full 7):
 PSYoungGen      total 588800K, used 503635K [0x00000000d5580000, 0x0000000100000000, 0x0000000100000000)
  eden space 478720K, 100% used [0x00000000d5580000,0x00000000f2900000,0x00000000f2900000)
  from space 110080K, 22% used [0x00000000f2900000,0x00000000f4154ea0,0x00000000f9480000)
  to   space 105472K, 0% used [0x00000000f9900000,0x00000000f9900000,0x0000000100000000)
 ParOldGen       total 431616K, used 193173K [0x0000000080000000, 0x000000009a580000, 0x00000000d5580000)
  object space 431616K, 44% used [0x0000000080000000,0x000000008bca55d0,0x000000009a580000)
 Metaspace       used 128372K, capacity 137414K, committed 137804K, reserved 1169408K
  class space    used 16489K, capacity 18126K, committed 18304K, reserved 1048576K
Event: 18562.738 GC heap after
Heap after GC invocations=33 (full 7):
 PSYoungGen      total 570880K, used 35061K [0x00000000d5580000, 0x00000000fee80000, 0x0000000100000000)
  eden space 483328K, 0% used [0x00000000d5580000,0x00000000d5580000,0x00000000f2d80000)
  from space 87552K, 40% used [0x00000000f9900000,0x00000000fbb3d520,0x00000000fee80000)
  to   space 98816K, 0% used [0x00000000f2d80000,0x00000000f2d80000,0x00000000f8e00000)
 ParOldGen       total 431616K, used 202674K [0x0000000080000000, 0x000000009a580000, 0x00000000d5580000)
  object space 431616K, 46% used [0x0000000080000000,0x000000008c5ecab8,0x000000009a580000)
 Metaspace       used 128372K, capacity 137414K, committed 137804K, reserved 1169408K
  class space    used 16489K, capacity 18126K, committed 18304K, reserved 1048576K
}
Event: 18575.342 GC heap before
{Heap before GC invocations=34 (full 7):
 PSYoungGen      total 570880K, used 518389K [0x00000000d5580000, 0x00000000fee80000, 0x0000000100000000)
  eden space 483328K, 100% used [0x00000000d5580000,0x00000000f2d80000,0x00000000f2d80000)
  from space 87552K, 40% used [0x00000000f9900000,0x00000000fbb3d520,0x00000000fee80000)
  to   space 98816K, 0% used [0x00000000f2d80000,0x00000000f2d80000,0x00000000f8e00000)
 ParOldGen       total 431616K, used 202674K [0x0000000080000000, 0x000000009a580000, 0x00000000d5580000)
  object space 431616K, 46% used [0x0000000080000000,0x000000008c5ecab8,0x000000009a580000)
 Metaspace       used 129623K, capacity 139114K, committed 139468K, reserved 1171456K
  class space    used 16618K, capacity 18320K, committed 18432K, reserved 1048576K
Event: 18575.376 GC heap after
Heap after GC invocations=34 (full 7):
 PSYoungGen      total 582144K, used 41696K [0x00000000d5580000, 0x0000000100000000, 0x0000000100000000)
  eden space 483328K, 0% used [0x00000000d5580000,0x00000000d5580000,0x00000000f2d80000)
  from space 98816K, 42% used [0x00000000f2d80000,0x00000000f56383d8,0x00000000f8e00000)
  to   space 94720K, 0% used [0x00000000fa380000,0x00000000fa380000,0x0000000100000000)
 ParOldGen       total 431616K, used 209785K [0x0000000080000000, 0x000000009a580000, 0x00000000d5580000)
  object space 431616K, 48% used [0x0000000080000000,0x000000008ccde660,0x000000009a580000)
 Metaspace       used 129623K, capacity 139114K, committed 139468K, reserved 1171456K
  class space    used 16618K, capacity 18320K, committed 18432K, reserved 1048576K
}
Event: 18576.289 GC heap before
{Heap before GC invocations=35 (full 7):
 PSYoungGen      total 582144K, used 525024K [0x00000000d5580000, 0x0000000100000000, 0x0000000100000000)
  eden space 483328K, 100% used [0x00000000d5580000,0x00000000f2d80000,0x00000000f2d80000)
  from space 98816K, 42% used [0x00000000f2d80000,0x00000000f56383d8,0x00000000f8e00000)
  to   space 94720K, 0% used [0x00000000fa380000,0x00000000fa380000,0x0000000100000000)
 ParOldGen       total 431616K, used 209785K [0x0000000080000000, 0x000000009a580000, 0x00000000d5580000)
  object space 431616K, 48% used [0x0000000080000000,0x000000008ccde660,0x000000009a580000)
 Metaspace       used 130198K, capacity 139784K, committed 139980K, reserved 1171456K
  class space    used 16664K, capacity 18361K, committed 18432K, reserved 1048576K
Event: 18576.320 GC heap after
Heap after GC invocations=35 (full 7):
 PSYoungGen      total 591872K, used 14116K [0x00000000d5580000, 0x00000000ff800000, 0x0000000100000000)
  eden space 505344K, 0% used [0x00000000d5580000,0x00000000d5580000,0x00000000f4300000)
  from space 86528K, 16% used [0x00000000fa380000,0x00000000fb1492b0,0x00000000ff800000)
  to   space 92672K, 0% used [0x00000000f4300000,0x00000000f4300000,0x00000000f9d80000)
 ParOldGen       total 431616K, used 239497K [0x0000000080000000, 0x000000009a580000, 0x00000000d5580000)
  object space 431616K, 55% used [0x0000000080000000,0x000000008e9e27f8,0x000000009a580000)
 Metaspace       used 130198K, capacity 139784K, committed 139980K, reserved 1171456K
  class space    used 16664K, capacity 18361K, committed 18432K, reserved 1048576K
}

